<?xml version="1.0" encoding="UTF-8"?>
<!-- Generated by org.testng.reporters.JUnitReportReporter -->
<testsuite hostname="Charan" name="actitmeJenkins.OpenApplication" tests="1" failures="0" timestamp="24 Feb 2020 07:28:52 GMT" time="25.178" errors="0">
  <testcase name="getTitle" time="25.178" classname="actitmeJenkins.OpenApplication"/>
</testsuite> <!-- actitmeJenkins.OpenApplication -->
